1675093173520	geckodriver	INFO	Listening on 127.0.0.1:58239
1675093174039	mozrunner::runner	INFO	Running command: "/snap/firefox/current/firefox.launcher" "--marionette" "--remote-debugging-port" "47023" "--remote-allow-hosts" "localhost" "-no-remote" "-profile" "/tmp/rust_mozprofileQf2qrm"
Gtk-Message: 16:39:34.057: Not loading module "atk-bridge": The functionality is provided by GTK natively. Please try to not load it.
ATTENTION: default value of option mesa_glthread overridden by environment.
ATTENTION: default value of option mesa_glthread overridden by environment.
ATTENTION: default value of option mesa_glthread overridden by environment.
ATTENTION: default value of option mesa_glthread overridden by environment.
1675093174559	Marionette	INFO	Marionette enabled
1675093174562	Marionette	INFO	Listening on port 32793
Read port: 32793
WebDriver BiDi listening on ws://127.0.0.1:47023
1675093174686	RemoteAgent	WARN	TLS certificate errors will be ignored for this session
console.warn: SearchSettings: "get: No settings file exists, new profile?" (new NotFoundError("Could not open the file at /tmp/rust_mozprofileQf2qrm/search.json.mozlz4", (void 0)))
DevTools listening on ws://127.0.0.1:47023/devtools/browser/d6d4ad52-6907-41b7-ac8b-e285aed07446
JavaScript error: resource:///modules/TabsList.jsm, line 527: TypeError: this.dropIndicator is null
1675093262968	geckodriver	INFO	Listening on 127.0.0.1:60411
1675093263477	mozrunner::runner	INFO	Running command: "/snap/firefox/current/firefox.launcher" "--marionette" "--remote-debugging-port" "59669" "--remote-allow-hosts" "localhost" "-no-remote" "-profile" "/tmp/rust_mozprofileRqKTSv"
Gtk-Message: 16:41:03.496: Not loading module "atk-bridge": The functionality is provided by GTK natively. Please try to not load it.
ATTENTION: default value of option mesa_glthread overridden by environment.
ATTENTION: default value of option mesa_glthread overridden by environment.
ATTENTION: default value of option mesa_glthread overridden by environment.
ATTENTION: default value of option mesa_glthread overridden by environment.
1675093263983	Marionette	INFO	Marionette enabled
1675093263986	Marionette	INFO	Listening on port 39153
Read port: 39153
WebDriver BiDi listening on ws://127.0.0.1:59669
1675093264124	RemoteAgent	WARN	TLS certificate errors will be ignored for this session
console.warn: SearchSettings: "get: No settings file exists, new profile?" (new NotFoundError("Could not open the file at /tmp/rust_mozprofileRqKTSv/search.json.mozlz4", (void 0)))
DevTools listening on ws://127.0.0.1:59669/devtools/browser/33958b11-ef77-420a-a880-86c6ed306bfc
1675093328024	geckodriver	INFO	Listening on 127.0.0.1:44795
1675093328517	mozrunner::runner	INFO	Running command: "/snap/firefox/current/firefox.launcher" "--marionette" "--remote-debugging-port" "39269" "--remote-allow-hosts" "localhost" "-no-remote" "-profile" "/tmp/rust_mozprofilePfkOpd"
Gtk-Message: 16:42:08.536: Not loading module "atk-bridge": The functionality is provided by GTK natively. Please try to not load it.
ATTENTION: default value of option mesa_glthread overridden by environment.
ATTENTION: default value of option mesa_glthread overridden by environment.
ATTENTION: default value of option mesa_glthread overridden by environment.
ATTENTION: default value of option mesa_glthread overridden by environment.
1675093329037	Marionette	INFO	Marionette enabled
1675093329040	Marionette	INFO	Listening on port 33609
Read port: 33609
WebDriver BiDi listening on ws://127.0.0.1:39269
1675093329187	RemoteAgent	WARN	TLS certificate errors will be ignored for this session
console.warn: SearchSettings: "get: No settings file exists, new profile?" (new NotFoundError("Could not open the file at /tmp/rust_mozprofilePfkOpd/search.json.mozlz4", (void 0)))
DevTools listening on ws://127.0.0.1:39269/devtools/browser/13a18ac7-a24d-4e72-9ea3-1c99e4a98a97
JavaScript error: resource:///modules/TabsList.jsm, line 527: TypeError: this.dropIndicator is null
1675093349583	Marionette	INFO	Stopped listening on port 33609
Sandbox: Unexpected EOF, op 0 flags 00 path /proc/cpuinfo
1675093350663	Marionette	INFO	Stopped listening on port 39153
Sandbox: Unexpected EOF, op 0 flags 00 path /proc/cpuinfo
1675093958344	geckodriver	INFO	Listening on 127.0.0.1:43065
1675093958857	mozrunner::runner	INFO	Running command: "/snap/firefox/current/firefox.launcher" "--marionette" "--remote-debugging-port" "56367" "--remote-allow-hosts" "localhost" "-no-remote" "-profile" "/tmp/rust_mozprofileUMA2RG"
Gtk-Message: 16:52:38.879: Not loading module "atk-bridge": The functionality is provided by GTK natively. Please try to not load it.
ATTENTION: default value of option mesa_glthread overridden by environment.
ATTENTION: default value of option mesa_glthread overridden by environment.
ATTENTION: default value of option mesa_glthread overridden by environment.
ATTENTION: default value of option mesa_glthread overridden by environment.
1675093959390	Marionette	INFO	Marionette enabled
1675093959392	Marionette	INFO	Listening on port 44951
Read port: 44951
WebDriver BiDi listening on ws://127.0.0.1:56367
1675093959516	RemoteAgent	WARN	TLS certificate errors will be ignored for this session
console.warn: SearchSettings: "get: No settings file exists, new profile?" (new NotFoundError("Could not open the file at /tmp/rust_mozprofileUMA2RG/search.json.mozlz4", (void 0)))
DevTools listening on ws://127.0.0.1:56367/devtools/browser/e7c1b515-8174-4c69-81cb-ec980855a28e
1675093975714	Marionette	INFO	Stopped listening on port 44951
Sandbox: Unexpected EOF, op 0 flags 00 path /proc/cpuinfo
1675094101832	Marionette	INFO	Stopped listening on port 32793
1675094134085	geckodriver	INFO	Listening on 127.0.0.1:39015
1675094134577	mozrunner::runner	INFO	Running command: "/snap/firefox/current/firefox.launcher" "--marionette" "--remote-debugging-port" "46603" "--remote-allow-hosts" "localhost" "-no-remote" "-profile" "/tmp/rust_mozprofiletPQiAO"
Gtk-Message: 16:55:34.601: Not loading module "atk-bridge": The functionality is provided by GTK natively. Please try to not load it.
ATTENTION: default value of option mesa_glthread overridden by environment.
ATTENTION: default value of option mesa_glthread overridden by environment.
ATTENTION: default value of option mesa_glthread overridden by environment.
ATTENTION: default value of option mesa_glthread overridden by environment.
1675094135141	Marionette	INFO	Marionette enabled
1675094135143	Marionette	INFO	Listening on port 46713
Read port: 46713
WebDriver BiDi listening on ws://127.0.0.1:46603
1675094135259	RemoteAgent	WARN	TLS certificate errors will be ignored for this session
console.warn: SearchSettings: "get: No settings file exists, new profile?" (new NotFoundError("Could not open the file at /tmp/rust_mozprofiletPQiAO/search.json.mozlz4", (void 0)))
DevTools listening on ws://127.0.0.1:46603/devtools/browser/e3e9cb56-f6de-4581-bc1b-3702b70e9594
1675094145190	Marionette	INFO	Stopped listening on port 46713
1675095046961	geckodriver	INFO	Listening on 127.0.0.1:50789
1675095047464	mozrunner::runner	INFO	Running command: "/snap/firefox/current/firefox.launcher" "--marionette" "--remote-debugging-port" "37853" "--remote-allow-hosts" "localhost" "-no-remote" "-profile" "/tmp/rust_mozprofile9rv6f5"
Gtk-Message: 17:10:47.484: Not loading module "atk-bridge": The functionality is provided by GTK natively. Please try to not load it.
ATTENTION: default value of option mesa_glthread overridden by environment.
ATTENTION: default value of option mesa_glthread overridden by environment.
ATTENTION: default value of option mesa_glthread overridden by environment.
ATTENTION: default value of option mesa_glthread overridden by environment.
1675095047975	Marionette	INFO	Marionette enabled
1675095047978	Marionette	INFO	Listening on port 44513
Read port: 44513
WebDriver BiDi listening on ws://127.0.0.1:37853
1675095048117	RemoteAgent	WARN	TLS certificate errors will be ignored for this session
console.warn: SearchSettings: "get: No settings file exists, new profile?" (new NotFoundError("Could not open the file at /tmp/rust_mozprofile9rv6f5/search.json.mozlz4", (void 0)))
DevTools listening on ws://127.0.0.1:37853/devtools/browser/01652293-f453-45f2-b3c8-d76634b65deb
1675095064008	Marionette	INFO	Stopped listening on port 44513
1675095405104	geckodriver	INFO	Listening on 127.0.0.1:35775
1675095405613	mozrunner::runner	INFO	Running command: "/snap/firefox/current/firefox.launcher" "--marionette" "--remote-debugging-port" "42791" "--remote-allow-hosts" "localhost" "-no-remote" "-profile" "/tmp/rust_mozprofileJBoEpu"
Gtk-Message: 17:16:45.633: Not loading module "atk-bridge": The functionality is provided by GTK natively. Please try to not load it.
ATTENTION: default value of option mesa_glthread overridden by environment.
ATTENTION: default value of option mesa_glthread overridden by environment.
ATTENTION: default value of option mesa_glthread overridden by environment.
ATTENTION: default value of option mesa_glthread overridden by environment.
1675095406130	Marionette	INFO	Marionette enabled
1675095406133	Marionette	INFO	Listening on port 43285
Read port: 43285
WebDriver BiDi listening on ws://127.0.0.1:42791
1675095406263	RemoteAgent	WARN	TLS certificate errors will be ignored for this session
console.warn: SearchSettings: "get: No settings file exists, new profile?" (new NotFoundError("Could not open the file at /tmp/rust_mozprofileJBoEpu/search.json.mozlz4", (void 0)))
DevTools listening on ws://127.0.0.1:42791/devtools/browser/9bc3fe23-d2db-4b98-a97f-6f42adcdd229
console.warn: LoginRecipes: "Falling back to a synchronous message for: http://www.localhost:5000."
1675095419940	Marionette	INFO	Stopped listening on port 43285
1675095466150	geckodriver	INFO	Listening on 127.0.0.1:51077
1675095466657	mozrunner::runner	INFO	Running command: "/snap/firefox/current/firefox.launcher" "--marionette" "--remote-debugging-port" "55667" "--remote-allow-hosts" "localhost" "-no-remote" "-profile" "/tmp/rust_mozprofileEtJWL9"
Gtk-Message: 17:17:46.677: Not loading module "atk-bridge": The functionality is provided by GTK natively. Please try to not load it.
ATTENTION: default value of option mesa_glthread overridden by environment.
ATTENTION: default value of option mesa_glthread overridden by environment.
ATTENTION: default value of option mesa_glthread overridden by environment.
ATTENTION: default value of option mesa_glthread overridden by environment.
1675095467171	Marionette	INFO	Marionette enabled
1675095467174	Marionette	INFO	Listening on port 45527
WebDriver BiDi listening on ws://127.0.0.1:55667
Read port: 45527
1675095467355	RemoteAgent	WARN	TLS certificate errors will be ignored for this session
console.warn: SearchSettings: "get: No settings file exists, new profile?" (new NotFoundError("Could not open the file at /tmp/rust_mozprofileEtJWL9/search.json.mozlz4", (void 0)))
DevTools listening on ws://127.0.0.1:55667/devtools/browser/01169d8d-558e-481b-a557-93b2991ecb48
console.warn: LoginRecipes: "Falling back to a synchronous message for: http://www.localhost:5000."
1675095468480	Marionette	INFO	Stopped listening on port 45527
1675096083392	geckodriver	INFO	Listening on 127.0.0.1:37731
1675096083901	mozrunner::runner	INFO	Running command: "/snap/firefox/current/firefox.launcher" "--marionette" "--remote-debugging-port" "60705" "--remote-allow-hosts" "localhost" "-no-remote" "-profile" "/tmp/rust_mozprofileXuixO3"
Gtk-Message: 17:28:03.922: Not loading module "atk-bridge": The functionality is provided by GTK natively. Please try to not load it.
ATTENTION: default value of option mesa_glthread overridden by environment.
ATTENTION: default value of option mesa_glthread overridden by environment.
ATTENTION: default value of option mesa_glthread overridden by environment.
ATTENTION: default value of option mesa_glthread overridden by environment.
1675096084467	Marionette	INFO	Marionette enabled
1675096084470	Marionette	INFO	Listening on port 33747
Read port: 33747
WebDriver BiDi listening on ws://127.0.0.1:60705
1675096084623	RemoteAgent	WARN	TLS certificate errors will be ignored for this session
console.warn: SearchSettings: "get: No settings file exists, new profile?" (new NotFoundError("Could not open the file at /tmp/rust_mozprofileXuixO3/search.json.mozlz4", (void 0)))
DevTools listening on ws://127.0.0.1:60705/devtools/browser/164b0c39-35ec-4b8b-bc4e-43b6c33a9b8a
console.warn: LoginRecipes: "Falling back to a synchronous message for: http://www.localhost:5000."
1675096103175	Marionette	INFO	Stopped listening on port 33747
Sandbox: Unexpected EOF, op 0 flags 00 path /proc/cpuinfo
1675096115631	geckodriver	INFO	Listening on 127.0.0.1:56259
1675096116141	mozrunner::runner	INFO	Running command: "/snap/firefox/current/firefox.launcher" "--marionette" "--remote-debugging-port" "35317" "--remote-allow-hosts" "localhost" "-no-remote" "-profile" "/tmp/rust_mozprofile9qhVYK"
Gtk-Message: 17:28:36.161: Not loading module "atk-bridge": The functionality is provided by GTK natively. Please try to not load it.
ATTENTION: default value of option mesa_glthread overridden by environment.
ATTENTION: default value of option mesa_glthread overridden by environment.
ATTENTION: default value of option mesa_glthread overridden by environment.
ATTENTION: default value of option mesa_glthread overridden by environment.
1675096116655	Marionette	INFO	Marionette enabled
1675096116657	Marionette	INFO	Listening on port 37059
Read port: 37059
WebDriver BiDi listening on ws://127.0.0.1:35317
1675096116789	RemoteAgent	WARN	TLS certificate errors will be ignored for this session
console.warn: SearchSettings: "get: No settings file exists, new profile?" (new NotFoundError("Could not open the file at /tmp/rust_mozprofile9qhVYK/search.json.mozlz4", (void 0)))
DevTools listening on ws://127.0.0.1:35317/devtools/browser/6dd2c4c1-480f-453a-9fe5-71dd0d9ecb3b
console.warn: LoginRecipes: "Falling back to a synchronous message for: http://www.localhost:5000."
1675096126821	Marionette	INFO	Stopped listening on port 37059
1675096293108	geckodriver	INFO	Listening on 127.0.0.1:50739
1675096293601	mozrunner::runner	INFO	Running command: "/snap/firefox/current/firefox.launcher" "--marionette" "--remote-debugging-port" "56677" "--remote-allow-hosts" "localhost" "-no-remote" "-profile" "/tmp/rust_mozprofileNE5ecN"
Gtk-Message: 17:31:33.622: Not loading module "atk-bridge": The functionality is provided by GTK natively. Please try to not load it.
ATTENTION: default value of option mesa_glthread overridden by environment.
ATTENTION: default value of option mesa_glthread overridden by environment.
ATTENTION: default value of option mesa_glthread overridden by environment.
ATTENTION: default value of option mesa_glthread overridden by environment.
1675096294126	Marionette	INFO	Marionette enabled
1675096294129	Marionette	INFO	Listening on port 40697
Read port: 40697
WebDriver BiDi listening on ws://127.0.0.1:56677
1675096294264	RemoteAgent	WARN	TLS certificate errors will be ignored for this session
console.warn: SearchSettings: "get: No settings file exists, new profile?" (new NotFoundError("Could not open the file at /tmp/rust_mozprofileNE5ecN/search.json.mozlz4", (void 0)))
DevTools listening on ws://127.0.0.1:56677/devtools/browser/02e50eb9-afb8-4759-afa0-5c638c7093c3
console.warn: LoginRecipes: "Falling back to a synchronous message for: http://www.localhost:5000."
1675096301379	Marionette	INFO	Stopped listening on port 40697
1675096348127	geckodriver	INFO	Listening on 127.0.0.1:57811
1675096348633	mozrunner::runner	INFO	Running command: "/snap/firefox/current/firefox.launcher" "--marionette" "--remote-debugging-port" "36203" "--remote-allow-hosts" "localhost" "-no-remote" "-profile" "/tmp/rust_mozprofileNbSPYg"
Gtk-Message: 17:32:28.653: Not loading module "atk-bridge": The functionality is provided by GTK natively. Please try to not load it.
ATTENTION: default value of option mesa_glthread overridden by environment.
ATTENTION: default value of option mesa_glthread overridden by environment.
ATTENTION: default value of option mesa_glthread overridden by environment.
ATTENTION: default value of option mesa_glthread overridden by environment.
1675096349149	Marionette	INFO	Marionette enabled
1675096349151	Marionette	INFO	Listening on port 34515
WebDriver BiDi listening on ws://127.0.0.1:36203
Read port: 34515
1675096349275	RemoteAgent	WARN	TLS certificate errors will be ignored for this session
console.warn: SearchSettings: "get: No settings file exists, new profile?" (new NotFoundError("Could not open the file at /tmp/rust_mozprofileNbSPYg/search.json.mozlz4", (void 0)))
DevTools listening on ws://127.0.0.1:36203/devtools/browser/e7a3f242-3b99-4786-ab63-d5b43e64d2f3
console.warn: LoginRecipes: "Falling back to a synchronous message for: http://www.localhost:5000."
1675096350884	Marionette	INFO	Stopped listening on port 34515
1675096445538	geckodriver	INFO	Listening on 127.0.0.1:45909
1675096446049	mozrunner::runner	INFO	Running command: "/snap/firefox/current/firefox.launcher" "--marionette" "--remote-debugging-port" "55971" "--remote-allow-hosts" "localhost" "-no-remote" "-profile" "/tmp/rust_mozprofilegC9uS6"
Gtk-Message: 17:34:06.069: Not loading module "atk-bridge": The functionality is provided by GTK natively. Please try to not load it.
ATTENTION: default value of option mesa_glthread overridden by environment.
ATTENTION: default value of option mesa_glthread overridden by environment.
ATTENTION: default value of option mesa_glthread overridden by environment.
ATTENTION: default value of option mesa_glthread overridden by environment.
1675096446562	Marionette	INFO	Marionette enabled
1675096446565	Marionette	INFO	Listening on port 42667
WebDriver BiDi listening on ws://127.0.0.1:55971
Read port: 42667
1675096446742	RemoteAgent	WARN	TLS certificate errors will be ignored for this session
console.warn: SearchSettings: "get: No settings file exists, new profile?" (new NotFoundError("Could not open the file at /tmp/rust_mozprofilegC9uS6/search.json.mozlz4", (void 0)))
DevTools listening on ws://127.0.0.1:55971/devtools/browser/3d30b269-21fc-45ce-b01c-9b1594c0fe46
console.warn: LoginRecipes: "Falling back to a synchronous message for: http://www.localhost:5000."
1675096448025	Marionette	INFO	Stopped listening on port 42667
1675096458418	geckodriver	INFO	Listening on 127.0.0.1:53327
1675096458929	mozrunner::runner	INFO	Running command: "/snap/firefox/current/firefox.launcher" "--marionette" "--remote-debugging-port" "38039" "--remote-allow-hosts" "localhost" "-no-remote" "-profile" "/tmp/rust_mozprofileDkdVpH"
Gtk-Message: 17:34:18.950: Not loading module "atk-bridge": The functionality is provided by GTK natively. Please try to not load it.
ATTENTION: default value of option mesa_glthread overridden by environment.
ATTENTION: default value of option mesa_glthread overridden by environment.
ATTENTION: default value of option mesa_glthread overridden by environment.
ATTENTION: default value of option mesa_glthread overridden by environment.
1675096459487	Marionette	INFO	Marionette enabled
1675096459489	Marionette	INFO	Listening on port 41429
Read port: 41429
WebDriver BiDi listening on ws://127.0.0.1:38039
1675096459629	RemoteAgent	WARN	TLS certificate errors will be ignored for this session
console.warn: SearchSettings: "get: No settings file exists, new profile?" (new NotFoundError("Could not open the file at /tmp/rust_mozprofileDkdVpH/search.json.mozlz4", (void 0)))
DevTools listening on ws://127.0.0.1:38039/devtools/browser/421bddc0-eaf4-42fc-946b-8d079d51f5a7
console.warn: LoginRecipes: "Falling back to a synchronous message for: http://www.localhost:5000."
1675096461119	Marionette	INFO	Stopped listening on port 41429
1675096523994	geckodriver	INFO	Listening on 127.0.0.1:59943
1675096524504	mozrunner::runner	INFO	Running command: "/snap/firefox/current/firefox.launcher" "--marionette" "--remote-debugging-port" "33805" "--remote-allow-hosts" "localhost" "-no-remote" "-profile" "/tmp/rust_mozprofileeiwdyh"
Gtk-Message: 17:35:24.525: Not loading module "atk-bridge": The functionality is provided by GTK natively. Please try to not load it.
ATTENTION: default value of option mesa_glthread overridden by environment.
ATTENTION: default value of option mesa_glthread overridden by environment.
ATTENTION: default value of option mesa_glthread overridden by environment.
ATTENTION: default value of option mesa_glthread overridden by environment.
1675096525025	Marionette	INFO	Marionette enabled
1675096525028	Marionette	INFO	Listening on port 36637
Read port: 36637
WebDriver BiDi listening on ws://127.0.0.1:33805
1675096525172	RemoteAgent	WARN	TLS certificate errors will be ignored for this session
console.warn: SearchSettings: "get: No settings file exists, new profile?" (new NotFoundError("Could not open the file at /tmp/rust_mozprofileeiwdyh/search.json.mozlz4", (void 0)))
DevTools listening on ws://127.0.0.1:33805/devtools/browser/c99071f8-1860-4640-98a1-1d8e9579e503
console.warn: LoginRecipes: "Falling back to a synchronous message for: http://www.localhost:5000."
1675096533853	Marionette	INFO	Stopped listening on port 36637
1675096579205	geckodriver	INFO	Listening on 127.0.0.1:42245
1675096579716	mozrunner::runner	INFO	Running command: "/snap/firefox/current/firefox.launcher" "--marionette" "--remote-debugging-port" "57249" "--remote-allow-hosts" "localhost" "-no-remote" "-profile" "/tmp/rust_mozprofileuaNnLD"
Gtk-Message: 17:36:19.736: Not loading module "atk-bridge": The functionality is provided by GTK natively. Please try to not load it.
ATTENTION: default value of option mesa_glthread overridden by environment.
ATTENTION: default value of option mesa_glthread overridden by environment.
ATTENTION: default value of option mesa_glthread overridden by environment.
ATTENTION: default value of option mesa_glthread overridden by environment.
1675096580247	Marionette	INFO	Marionette enabled
1675096580249	Marionette	INFO	Listening on port 38929
Read port: 38929
WebDriver BiDi listening on ws://127.0.0.1:57249
1675096580411	RemoteAgent	WARN	TLS certificate errors will be ignored for this session
console.warn: SearchSettings: "get: No settings file exists, new profile?" (new NotFoundError("Could not open the file at /tmp/rust_mozprofileuaNnLD/search.json.mozlz4", (void 0)))
DevTools listening on ws://127.0.0.1:57249/devtools/browser/74756360-632f-4b94-bae9-9a5f6dfdce5f
console.warn: LoginRecipes: "Falling back to a synchronous message for: http://www.localhost:5000."
1675096581801	Marionette	INFO	Stopped listening on port 38929
1675097514253	geckodriver	INFO	Listening on 127.0.0.1:45967
1675097514738	mozrunner::runner	INFO	Running command: "/snap/firefox/current/firefox.launcher" "--marionette" "--remote-debugging-port" "56877" "--remote-allow-hosts" "localhost" "-no-remote" "-profile" "/tmp/rust_mozprofilekgTDTp"
Gtk-Message: 17:51:54.760: Not loading module "atk-bridge": The functionality is provided by GTK natively. Please try to not load it.
ATTENTION: default value of option mesa_glthread overridden by environment.
ATTENTION: default value of option mesa_glthread overridden by environment.
ATTENTION: default value of option mesa_glthread overridden by environment.
ATTENTION: default value of option mesa_glthread overridden by environment.
1675097515259	Marionette	INFO	Marionette enabled
1675097515262	Marionette	INFO	Listening on port 45935
Read port: 45935
WebDriver BiDi listening on ws://127.0.0.1:56877
1675097515393	RemoteAgent	WARN	TLS certificate errors will be ignored for this session
console.warn: SearchSettings: "get: No settings file exists, new profile?" (new NotFoundError("Could not open the file at /tmp/rust_mozprofilekgTDTp/search.json.mozlz4", (void 0)))
DevTools listening on ws://127.0.0.1:56877/devtools/browser/31687cf2-e411-4d9a-8298-8c20e93bcc82
console.warn: LoginRecipes: "Falling back to a synchronous message for: http://www.localhost:5000."
JavaScript error: , line 0: NotFoundError: No such JSWindowActor 'DevToolsFrame'
1675097529022	Marionette	INFO	Stopped listening on port 45935
1675097691743	geckodriver	INFO	Listening on 127.0.0.1:38293
1675097692253	mozrunner::runner	INFO	Running command: "/snap/firefox/current/firefox.launcher" "--marionette" "--remote-debugging-port" "41005" "--remote-allow-hosts" "localhost" "-no-remote" "-profile" "/tmp/rust_mozprofileyPtyHC"
Gtk-Message: 17:54:52.273: Not loading module "atk-bridge": The functionality is provided by GTK natively. Please try to not load it.
ATTENTION: default value of option mesa_glthread overridden by environment.
ATTENTION: default value of option mesa_glthread overridden by environment.
ATTENTION: default value of option mesa_glthread overridden by environment.
ATTENTION: default value of option mesa_glthread overridden by environment.
1675097692767	Marionette	INFO	Marionette enabled
1675097692769	Marionette	INFO	Listening on port 33193
Read port: 33193
WebDriver BiDi listening on ws://127.0.0.1:41005
1675097692911	RemoteAgent	WARN	TLS certificate errors will be ignored for this session
console.warn: SearchSettings: "get: No settings file exists, new profile?" (new NotFoundError("Could not open the file at /tmp/rust_mozprofileyPtyHC/search.json.mozlz4", (void 0)))
DevTools listening on ws://127.0.0.1:41005/devtools/browser/7ccf760d-3885-4297-8e02-f04c41bce998
console.warn: LoginRecipes: "Falling back to a synchronous message for: http://www.localhost:5000."
1675097702773	Marionette	INFO	Stopped listening on port 33193
Sandbox: Unexpected EOF, op 0 flags 00 path /proc/cpuinfo
1675097719532	geckodriver	INFO	Listening on 127.0.0.1:60807
1675097720045	mozrunner::runner	INFO	Running command: "/snap/firefox/current/firefox.launcher" "--marionette" "--remote-debugging-port" "51597" "--remote-allow-hosts" "localhost" "-no-remote" "-profile" "/tmp/rust_mozprofilePDQqhw"
Gtk-Message: 17:55:20.066: Not loading module "atk-bridge": The functionality is provided by GTK natively. Please try to not load it.
ATTENTION: default value of option mesa_glthread overridden by environment.
ATTENTION: default value of option mesa_glthread overridden by environment.
ATTENTION: default value of option mesa_glthread overridden by environment.
ATTENTION: default value of option mesa_glthread overridden by environment.
1675097720563	Marionette	INFO	Marionette enabled
1675097720566	Marionette	INFO	Listening on port 34547
Read port: 34547
WebDriver BiDi listening on ws://127.0.0.1:51597
1675097720699	RemoteAgent	WARN	TLS certificate errors will be ignored for this session
console.warn: SearchSettings: "get: No settings file exists, new profile?" (new NotFoundError("Could not open the file at /tmp/rust_mozprofilePDQqhw/search.json.mozlz4", (void 0)))
DevTools listening on ws://127.0.0.1:51597/devtools/browser/85b6ad82-c281-425a-a5a2-0a40ffcf715e
console.warn: LoginRecipes: "Falling back to a synchronous message for: http://www.localhost:5000."
1675097725857	Marionette	INFO	Stopped listening on port 34547
1675097854958	geckodriver	INFO	Listening on 127.0.0.1:35433
1675097855449	mozrunner::runner	INFO	Running command: "/snap/firefox/current/firefox.launcher" "--marionette" "--remote-debugging-port" "33109" "--remote-allow-hosts" "localhost" "-no-remote" "-profile" "/tmp/rust_mozprofileSaVtUk"
Gtk-Message: 17:57:35.472: Not loading module "atk-bridge": The functionality is provided by GTK natively. Please try to not load it.
ATTENTION: default value of option mesa_glthread overridden by environment.
ATTENTION: default value of option mesa_glthread overridden by environment.
ATTENTION: default value of option mesa_glthread overridden by environment.
ATTENTION: default value of option mesa_glthread overridden by environment.
1675097855965	Marionette	INFO	Marionette enabled
1675097855968	Marionette	INFO	Listening on port 40117
Read port: 40117
WebDriver BiDi listening on ws://127.0.0.1:33109
1675097856145	RemoteAgent	WARN	TLS certificate errors will be ignored for this session
console.warn: SearchSettings: "get: No settings file exists, new profile?" (new NotFoundError("Could not open the file at /tmp/rust_mozprofileSaVtUk/search.json.mozlz4", (void 0)))
DevTools listening on ws://127.0.0.1:33109/devtools/browser/a5bfe53b-09ca-42cb-97c5-e35f5d01f548
console.warn: LoginRecipes: "Falling back to a synchronous message for: http://www.localhost:5000."
1675097858584	Marionette	INFO	Stopped listening on port 40117
1675098026386	geckodriver	INFO	Listening on 127.0.0.1:41111
1675098026893	mozrunner::runner	INFO	Running command: "/snap/firefox/current/firefox.launcher" "--marionette" "--remote-debugging-port" "39237" "--remote-allow-hosts" "localhost" "-no-remote" "-profile" "/tmp/rust_mozprofileWpnfEg"
Gtk-Message: 18:00:26.913: Not loading module "atk-bridge": The functionality is provided by GTK natively. Please try to not load it.
ATTENTION: default value of option mesa_glthread overridden by environment.
ATTENTION: default value of option mesa_glthread overridden by environment.
ATTENTION: default value of option mesa_glthread overridden by environment.
ATTENTION: default value of option mesa_glthread overridden by environment.
1675098027400	Marionette	INFO	Marionette enabled
1675098027403	Marionette	INFO	Listening on port 40713
Read port: 40713
WebDriver BiDi listening on ws://127.0.0.1:39237
1675098027544	RemoteAgent	WARN	TLS certificate errors will be ignored for this session
console.warn: SearchSettings: "get: No settings file exists, new profile?" (new NotFoundError("Could not open the file at /tmp/rust_mozprofileWpnfEg/search.json.mozlz4", (void 0)))
DevTools listening on ws://127.0.0.1:39237/devtools/browser/cecb83ec-f8ad-443b-ad0b-5f269d7fc127
console.warn: LoginRecipes: "Falling back to a synchronous message for: http://www.localhost:5000."
1675098029975	Marionette	INFO	Stopped listening on port 40713
JavaScript error: resource://gre/modules/UrlClassifierListManager.jsm, line 693: TypeError: this.tablesData[table] is undefined
1675098070193	geckodriver	INFO	Listening on 127.0.0.1:36239
1675098070701	mozrunner::runner	INFO	Running command: "/snap/firefox/current/firefox.launcher" "--marionette" "--remote-debugging-port" "35501" "--remote-allow-hosts" "localhost" "-no-remote" "-profile" "/tmp/rust_mozprofilefduHP9"
Gtk-Message: 18:01:10.721: Not loading module "atk-bridge": The functionality is provided by GTK natively. Please try to not load it.
ATTENTION: default value of option mesa_glthread overridden by environment.
ATTENTION: default value of option mesa_glthread overridden by environment.
ATTENTION: default value of option mesa_glthread overridden by environment.
ATTENTION: default value of option mesa_glthread overridden by environment.
1675098071212	Marionette	INFO	Marionette enabled
1675098071215	Marionette	INFO	Listening on port 37351
WebDriver BiDi listening on ws://127.0.0.1:35501
Read port: 37351
1675098071404	RemoteAgent	WARN	TLS certificate errors will be ignored for this session
console.warn: SearchSettings: "get: No settings file exists, new profile?" (new NotFoundError("Could not open the file at /tmp/rust_mozprofilefduHP9/search.json.mozlz4", (void 0)))
DevTools listening on ws://127.0.0.1:35501/devtools/browser/526889a2-4fb8-48e2-86c9-82cb4f6bbf01
console.warn: LoginRecipes: "Falling back to a synchronous message for: http://www.localhost:5000."
JavaScript error: resource://gre/modules/XULStore.jsm, line 58: Error: Can't find profile directory.
JavaScript error: resource://gre/modules/XULStore.jsm, line 58: Error: Can't find profile directory.
1675098078944	Marionette	INFO	Stopped listening on port 37351
1675105767259	geckodriver	INFO	Listening on 127.0.0.1:54527
1675105767765	mozrunner::runner	INFO	Running command: "/snap/firefox/current/firefox.launcher" "--marionette" "--remote-debugging-port" "47963" "--remote-allow-hosts" "localhost" "-no-remote" "-profile" "/tmp/rust_mozprofileWwvChP"
Gtk-Message: 20:09:27.786: Not loading module "atk-bridge": The functionality is provided by GTK natively. Please try to not load it.
ATTENTION: default value of option mesa_glthread overridden by environment.
ATTENTION: default value of option mesa_glthread overridden by environment.
ATTENTION: default value of option mesa_glthread overridden by environment.
ATTENTION: default value of option mesa_glthread overridden by environment.
1675105768292	Marionette	INFO	Marionette enabled
1675105768295	Marionette	INFO	Listening on port 42581
Read port: 42581
WebDriver BiDi listening on ws://127.0.0.1:47963
1675105768430	RemoteAgent	WARN	TLS certificate errors will be ignored for this session
console.warn: SearchSettings: "get: No settings file exists, new profile?" (new NotFoundError("Could not open the file at /tmp/rust_mozprofileWwvChP/search.json.mozlz4", (void 0)))
DevTools listening on ws://127.0.0.1:47963/devtools/browser/2a735153-6c67-4263-960a-d0134a934fca
console.warn: LoginRecipes: "Falling back to a synchronous message for: http://www.localhost:5000."
JavaScript error: resource://gre/modules/XULStore.jsm, line 58: Error: Can't find profile directory.
JavaScript error: resource://gre/modules/XULStore.jsm, line 58: Error: Can't find profile directory.
1675105771927	Marionette	INFO	Stopped listening on port 42581
1675106051851	geckodriver	INFO	Listening on 127.0.0.1:41201
1675106052345	mozrunner::runner	INFO	Running command: "/snap/firefox/current/firefox.launcher" "--marionette" "--remote-debugging-port" "33757" "--remote-allow-hosts" "localhost" "-no-remote" "-profile" "/tmp/rust_mozprofileWwPpiA"
Gtk-Message: 20:14:12.366: Not loading module "atk-bridge": The functionality is provided by GTK natively. Please try to not load it.
ATTENTION: default value of option mesa_glthread overridden by environment.
ATTENTION: default value of option mesa_glthread overridden by environment.
ATTENTION: default value of option mesa_glthread overridden by environment.
ATTENTION: default value of option mesa_glthread overridden by environment.
1675106052863	Marionette	INFO	Marionette enabled
1675106052865	Marionette	INFO	Listening on port 42367
WebDriver BiDi listening on ws://127.0.0.1:33757
Read port: 42367
1675106053047	RemoteAgent	WARN	TLS certificate errors will be ignored for this session
console.warn: SearchSettings: "get: No settings file exists, new profile?" (new NotFoundError("Could not open the file at /tmp/rust_mozprofileWwPpiA/search.json.mozlz4", (void 0)))
DevTools listening on ws://127.0.0.1:33757/devtools/browser/55d3818f-8c7c-4477-be12-4849dd554fbc
console.warn: LoginRecipes: "Falling back to a synchronous message for: http://www.localhost:5000."
JavaScript error: resource://gre/modules/XULStore.jsm, line 58: Error: Can't find profile directory.
JavaScript error: resource://gre/modules/XULStore.jsm, line 58: Error: Can't find profile directory.
console.warn: LoginRecipes: "Falling back to a synchronous message for: http://www.localhost:5000."
1675106057482	Marionette	INFO	Stopped listening on port 42367
Sandbox: Unexpected EOF, op 0 flags 00 path /proc/cpuinfo
1675106479033	geckodriver	INFO	Listening on 127.0.0.1:36471
1675106479475	mozrunner::runner	INFO	Running command: "/snap/firefox/current/firefox.launcher" "--marionette" "--remote-debugging-port" "36105" "--remote-allow-hosts" "localhost" "-no-remote" "-profile" "/tmp/rust_mozprofilep0JiOW"
Gtk-Message: 20:21:19.499: Not loading module "atk-bridge": The functionality is provided by GTK natively. Please try to not load it.
ATTENTION: default value of option mesa_glthread overridden by environment.
ATTENTION: default value of option mesa_glthread overridden by environment.
ATTENTION: default value of option mesa_glthread overridden by environment.
ATTENTION: default value of option mesa_glthread overridden by environment.
1675106480157	Marionette	INFO	Marionette enabled
1675106480160	Marionette	INFO	Listening on port 34293
Read port: 34293
WebDriver BiDi listening on ws://127.0.0.1:36105
1675106480318	RemoteAgent	WARN	TLS certificate errors will be ignored for this session
console.warn: SearchSettings: "get: No settings file exists, new profile?" (new NotFoundError("Could not open the file at /tmp/rust_mozprofilep0JiOW/search.json.mozlz4", (void 0)))
DevTools listening on ws://127.0.0.1:36105/devtools/browser/a401d4ee-2e55-4976-b7ec-c7c6d6172c4a
console.warn: LoginRecipes: "Falling back to a synchronous message for: http://www.localhost:5000."
JavaScript error: resource://gre/modules/XULStore.jsm, line 58: Error: Can't find profile directory.
JavaScript error: resource://gre/modules/XULStore.jsm, line 58: Error: Can't find profile directory.
console.warn: LoginRecipes: "Falling back to a synchronous message for: http://www.localhost:5000."
1675106496760	Marionette	INFO	Stopped listening on port 34293
Sandbox: Unexpected EOF, op 0 flags 00 path /proc/cpuinfo
1675106524005	geckodriver	INFO	Listening on 127.0.0.1:51853
1675106524481	mozrunner::runner	INFO	Running command: "/snap/firefox/current/firefox.launcher" "--marionette" "--remote-debugging-port" "49243" "--remote-allow-hosts" "localhost" "-no-remote" "-profile" "/tmp/rust_mozprofilev1mUHE"
Gtk-Message: 20:22:04.504: Not loading module "atk-bridge": The functionality is provided by GTK natively. Please try to not load it.
ATTENTION: default value of option mesa_glthread overridden by environment.
ATTENTION: default value of option mesa_glthread overridden by environment.
ATTENTION: default value of option mesa_glthread overridden by environment.
ATTENTION: default value of option mesa_glthread overridden by environment.
1675106525293	Marionette	INFO	Marionette enabled
1675106525297	Marionette	INFO	Listening on port 40555
Read port: 40555
WebDriver BiDi listening on ws://127.0.0.1:49243
1675106525445	RemoteAgent	WARN	TLS certificate errors will be ignored for this session
console.warn: SearchSettings: "get: No settings file exists, new profile?" (new NotFoundError("Could not open the file at /tmp/rust_mozprofilev1mUHE/search.json.mozlz4", (void 0)))
DevTools listening on ws://127.0.0.1:49243/devtools/browser/bc699ab8-8912-40ff-9a4e-b94f09e9ff0a
console.warn: LoginRecipes: "Falling back to a synchronous message for: http://www.localhost:5000."
JavaScript error: resource://gre/modules/XULStore.jsm, line 58: Error: Can't find profile directory.
JavaScript error: resource://gre/modules/XULStore.jsm, line 58: Error: Can't find profile directory.
console.warn: LoginRecipes: "Falling back to a synchronous message for: http://www.localhost:5000."
1675106533469	Marionette	INFO	Stopped listening on port 40555
1675106552045	geckodriver	INFO	Listening on 127.0.0.1:47541
1675106552517	mozrunner::runner	INFO	Running command: "/snap/firefox/current/firefox.launcher" "--marionette" "--remote-debugging-port" "60941" "--remote-allow-hosts" "localhost" "-no-remote" "-profile" "/tmp/rust_mozprofileDlVm3Z"
Gtk-Message: 20:22:32.539: Not loading module "atk-bridge": The functionality is provided by GTK natively. Please try to not load it.
ATTENTION: default value of option mesa_glthread overridden by environment.
ATTENTION: default value of option mesa_glthread overridden by environment.
ATTENTION: default value of option mesa_glthread overridden by environment.
ATTENTION: default value of option mesa_glthread overridden by environment.
1675106553130	Marionette	INFO	Marionette enabled
1675106553133	Marionette	INFO	Listening on port 36407
Read port: 36407
WebDriver BiDi listening on ws://127.0.0.1:60941
1675106553287	RemoteAgent	WARN	TLS certificate errors will be ignored for this session
console.warn: SearchSettings: "get: No settings file exists, new profile?" (new NotFoundError("Could not open the file at /tmp/rust_mozprofileDlVm3Z/search.json.mozlz4", (void 0)))
DevTools listening on ws://127.0.0.1:60941/devtools/browser/0d2fca8d-506e-4a6e-aba9-e62ed9365161
console.warn: LoginRecipes: "Falling back to a synchronous message for: http://www.localhost:5000."
JavaScript error: resource://gre/modules/XULStore.jsm, line 58: Error: Can't find profile directory.
JavaScript error: resource://gre/modules/XULStore.jsm, line 58: Error: Can't find profile directory.
console.warn: LoginRecipes: "Falling back to a synchronous message for: http://www.localhost:5000."
console.warn: LoginRecipes: "Falling back to a synchronous message for: http://www.localhost:5000."
1675106560381	Marionette	INFO	Stopped listening on port 36407
1675106571071	geckodriver	INFO	Listening on 127.0.0.1:37549
1675106571513	mozrunner::runner	INFO	Running command: "/snap/firefox/current/firefox.launcher" "--marionette" "--remote-debugging-port" "46893" "--remote-allow-hosts" "localhost" "-no-remote" "-profile" "/tmp/rust_mozprofile1kgwKp"
Gtk-Message: 20:22:51.537: Not loading module "atk-bridge": The functionality is provided by GTK natively. Please try to not load it.
ATTENTION: default value of option mesa_glthread overridden by environment.
ATTENTION: default value of option mesa_glthread overridden by environment.
ATTENTION: default value of option mesa_glthread overridden by environment.
ATTENTION: default value of option mesa_glthread overridden by environment.
1675106572227	Marionette	INFO	Marionette enabled
1675106572231	Marionette	INFO	Listening on port 33133
Read port: 33133
WebDriver BiDi listening on ws://127.0.0.1:46893
1675106572395	RemoteAgent	WARN	TLS certificate errors will be ignored for this session
console.warn: SearchSettings: "get: No settings file exists, new profile?" (new NotFoundError("Could not open the file at /tmp/rust_mozprofile1kgwKp/search.json.mozlz4", (void 0)))
DevTools listening on ws://127.0.0.1:46893/devtools/browser/25230a2c-3982-4ade-b9b4-bfae9920fc93
console.warn: LoginRecipes: "Falling back to a synchronous message for: http://www.localhost:5000."
JavaScript error: resource://gre/modules/XULStore.jsm, line 58: Error: Can't find profile directory.
JavaScript error: resource://gre/modules/XULStore.jsm, line 58: Error: Can't find profile directory.
console.warn: LoginRecipes: "Falling back to a synchronous message for: http://www.localhost:5000."
console.warn: LoginRecipes: "Falling back to a synchronous message for: http://www.localhost:5000."
1675106579513	Marionette	INFO	Stopped listening on port 33133
1675106742621	geckodriver	INFO	Listening on 127.0.0.1:46805
1675106743089	mozrunner::runner	INFO	Running command: "/snap/firefox/current/firefox.launcher" "--marionette" "--remote-debugging-port" "44285" "--remote-allow-hosts" "localhost" "-no-remote" "-profile" "/tmp/rust_mozprofilexe5Ohc"
Gtk-Message: 20:25:43.115: Not loading module "atk-bridge": The functionality is provided by GTK natively. Please try to not load it.
ATTENTION: default value of option mesa_glthread overridden by environment.
ATTENTION: default value of option mesa_glthread overridden by environment.
ATTENTION: default value of option mesa_glthread overridden by environment.
ATTENTION: default value of option mesa_glthread overridden by environment.
1675106743747	Marionette	INFO	Marionette enabled
1675106743751	Marionette	INFO	Listening on port 33237
Read port: 33237
WebDriver BiDi listening on ws://127.0.0.1:44285
1675106743897	RemoteAgent	WARN	TLS certificate errors will be ignored for this session
console.warn: SearchSettings: "get: No settings file exists, new profile?" (new NotFoundError("Could not open the file at /tmp/rust_mozprofilexe5Ohc/search.json.mozlz4", (void 0)))
DevTools listening on ws://127.0.0.1:44285/devtools/browser/0fd6161a-ef1d-48d3-9235-8f68505c731a
console.warn: LoginRecipes: "Falling back to a synchronous message for: http://www.localhost:5000."
JavaScript error: resource://gre/modules/XULStore.jsm, line 58: Error: Can't find profile directory.
JavaScript error: resource://gre/modules/XULStore.jsm, line 58: Error: Can't find profile directory.
console.warn: LoginRecipes: "Falling back to a synchronous message for: http://www.localhost:5000."
1675106752753	Marionette	INFO	Stopped listening on port 33237
1675107081079	geckodriver	INFO	Listening on 127.0.0.1:36937
1675107081549	mozrunner::runner	INFO	Running command: "/snap/firefox/current/firefox.launcher" "--marionette" "--remote-debugging-port" "58515" "--remote-allow-hosts" "localhost" "-no-remote" "-profile" "/tmp/rust_mozprofileiZhh68"
Gtk-Message: 20:31:21.575: Not loading module "atk-bridge": The functionality is provided by GTK natively. Please try to not load it.
ATTENTION: default value of option mesa_glthread overridden by environment.
ATTENTION: default value of option mesa_glthread overridden by environment.
ATTENTION: default value of option mesa_glthread overridden by environment.
ATTENTION: default value of option mesa_glthread overridden by environment.
1675107082191	Marionette	INFO	Marionette enabled
1675107082194	Marionette	INFO	Listening on port 38165
Read port: 38165
WebDriver BiDi listening on ws://127.0.0.1:58515
1675107082330	RemoteAgent	WARN	TLS certificate errors will be ignored for this session
console.warn: SearchSettings: "get: No settings file exists, new profile?" (new NotFoundError("Could not open the file at /tmp/rust_mozprofileiZhh68/search.json.mozlz4", (void 0)))
DevTools listening on ws://127.0.0.1:58515/devtools/browser/bf3e88ac-1b75-41ca-83f3-ce3d3e757e02
console.warn: LoginRecipes: "Falling back to a synchronous message for: http://www.localhost:5000."
JavaScript error: resource://gre/modules/XULStore.jsm, line 58: Error: Can't find profile directory.
JavaScript error: resource://gre/modules/XULStore.jsm, line 58: Error: Can't find profile directory.
console.warn: LoginRecipes: "Falling back to a synchronous message for: http://www.localhost:5000."
console.warn: LoginRecipes: "Falling back to a synchronous message for: http://www.localhost:5000."
1675107089488	Marionette	INFO	Stopped listening on port 38165
